<?xml version="1.0" encoding="UTF-8"?>
<testsuite xmlns:xsi="http://www.w3.org/2001/XMLSchema-instance" xsi:noNamespaceSchemaLocation="https://maven.apache.org/surefire/maven-surefire-plugin/xsd/surefire-test-report-3.0.xsd" version="3.0" name="StringUtilsTest" time="0.067" tests="5" errors="0" skipped="0" failures="0">
  <properties>
[...]
</properties>
  <testcase name="testEmptyStringException" classname="StringUtilsTest" time="0.025"/>
  <testcase name="testPalindromeTrue" classname="StringUtilsTest" time="0.002"/>
  <testcase name="testReverseWords" classname="StringUtilsTest" time="0.003"/>
  <testcase name="testNormalizeWhitespace" classname="StringUtilsTest" time="0.001"/>
  <testcase name="testPalindromeFalse" classname="StringUtilsTest" time="0.002"/>
</testsuite>